<?xml version="1.0" encoding="UTF-8"?>
<!-- Generated by org.testng.reporters.JUnitXMLReporter -->
<testsuite ignored="5" hostname="DESKTOP-JCSH58D" failures="0" tests="1" name="Default test" time="0.229" errors="0" timestamp="2024-07-10T12:52:45 IST">
  <testcase classname="test.AttributesSample" name="runMoreThanOnce" time="0.065"/>
  <testcase classname="test.AttributesSample" name="mandatory" time="0.0">
    <ignored/>
  </testcase> <!-- mandatory -->
  <testcase classname="test.AttributesSample" name="login" time="0.0">
    <ignored/>
  </testcase> <!-- login -->
  <testcase classname="test.AttributesSample" name="signUp" time="0.0">
    <ignored/>
  </testcase> <!-- signUp -->
  <testcase classname="test.AttributesSample" name="homePage" time="0.0">
    <ignored/>
  </testcase> <!-- homePage -->
  <testcase classname="test.AttributesSample" name="search" time="0.0">
    <ignored/>
  </testcase> <!-- search -->
</testsuite> <!-- Default test -->
