<?xml version="1.0" encoding="UTF-8"?>
<testng-results ignored="0" total="2" passed="2" failed="0" skipped="0">
  <reporter-output>
  </reporter-output>
  <suite started-at="2024-07-18T10:47:34 IST" name="Suite" finished-at="2024-07-18T10:47:59 IST" duration-ms="24498">
    <groups>
    </groups>
    <test started-at="2024-07-18T10:47:34 IST" name="Test" finished-at="2024-07-18T10:47:59 IST" duration-ms="24498">
      <class name="test.TC001_LoginTest">
        <test-method is-config="true" signature="setup()[pri:0, instance:test.TC001_LoginTest@7bd7d6d6]" started-at="2024-07-18T10:47:34 IST" name="setup" finished-at="2024-07-18T10:47:34 IST" duration-ms="31" status="PASS">
          <reporter-output>
          </reporter-output>
        </test-method> <!-- setup -->
        <test-method is-config="true" signature="launchingBrowser(java.lang.String,java.lang.String)[pri:0, instance:test.TC001_LoginTest@7bd7d6d6]" started-at="2024-07-18T10:47:37 IST" name="launchingBrowser" finished-at="2024-07-18T10:47:46 IST" duration-ms="9207" status="PASS">
          <params>
            <param index="0">
              <value>
                <![CDATA[https://demowebshop.tricentis.com/]]>
              </value>
            </param>
            <param index="1">
              <value>
                <![CDATA[chrome]]>
              </value>
            </param>
          </params>
          <reporter-output>
          </reporter-output>
        </test-method> <!-- launchingBrowser -->
        <test-method signature="validLoginTest(java.lang.String,java.lang.String,java.lang.String,java.lang.String)[pri:0, instance:test.TC001_LoginTest@7bd7d6d6]" started-at="2024-07-18T10:47:46 IST" name="validLoginTest" data-provider="getData" finished-at="2024-07-18T10:47:49 IST" duration-ms="2664" status="PASS">
          <params>
            <param index="0">
              <value>
                <![CDATA[leema987@gmail.com]]>
              </value>
            </param>
            <param index="1">
              <value>
                <![CDATA[leema.123]]>
              </value>
            </param>
            <param index="2">
              <value>
                <![CDATA[valid]]>
              </value>
            </param>
            <param index="3">
              <value>
                <![CDATA[leema987@gmail.com]]>
              </value>
            </param>
          </params>
          <reporter-output>
          </reporter-output>
        </test-method> <!-- validLoginTest -->
        <test-method is-config="true" signature="closeBrowser()[pri:0, instance:test.TC001_LoginTest@7bd7d6d6]" started-at="2024-07-18T10:47:49 IST" name="closeBrowser" finished-at="2024-07-18T10:47:49 IST" duration-ms="378" status="PASS">
          <reporter-output>
          </reporter-output>
        </test-method> <!-- closeBrowser -->
        <test-method is-config="true" signature="launchingBrowser(java.lang.String,java.lang.String)[pri:0, instance:test.TC001_LoginTest@7bd7d6d6]" started-at="2024-07-18T10:47:49 IST" name="launchingBrowser" finished-at="2024-07-18T10:47:57 IST" duration-ms="7705" status="PASS">
          <params>
            <param index="0">
              <value>
                <![CDATA[https://demowebshop.tricentis.com/]]>
              </value>
            </param>
            <param index="1">
              <value>
                <![CDATA[chrome]]>
              </value>
            </param>
          </params>
          <reporter-output>
          </reporter-output>
        </test-method> <!-- launchingBrowser -->
        <test-method signature="validLoginTest(java.lang.String,java.lang.String,java.lang.String,java.lang.String)[pri:0, instance:test.TC001_LoginTest@7bd7d6d6]" started-at="2024-07-18T10:47:57 IST" name="validLoginTest" data-provider="getData" finished-at="2024-07-18T10:47:58 IST" duration-ms="1716" status="PASS">
          <params>
            <param index="0">
              <value>
                <![CDATA[eema987gmail.com]]>
              </value>
            </param>
            <param index="1">
              <value>
                <![CDATA[leema.123]]>
              </value>
            </param>
            <param index="2">
              <value>
                <![CDATA[invalidemail]]>
              </value>
            </param>
            <param index="3">
              <value>
                <![CDATA[Please enter a valid email address.]]>
              </value>
            </param>
          </params>
          <reporter-output>
          </reporter-output>
        </test-method> <!-- validLoginTest -->
        <test-method is-config="true" signature="closeBrowser()[pri:0, instance:test.TC001_LoginTest@7bd7d6d6]" started-at="2024-07-18T10:47:58 IST" name="closeBrowser" finished-at="2024-07-18T10:47:59 IST" duration-ms="267" status="PASS">
          <reporter-output>
          </reporter-output>
        </test-method> <!-- closeBrowser -->
      </class> <!-- test.TC001_LoginTest -->
    </test> <!-- Test -->
  </suite> <!-- Suite -->
</testng-results>
